<?xml version="1.0" encoding="UTF-8"?>
<!-- Generated by org.testng.reporters.JUnitXMLReporter -->
<testsuite ignored="0" hostname="MSI" failures="0" tests="13" name="Default test" time="72.866" errors="0" timestamp="2024-10-05T19:53:26 IST">
  <testcase classname="testpkg.parabank" name="responcecode" time="1.123"/>
  <testcase classname="testpkg.parabank" name="logocheck" time="0.66"/>
  <testcase classname="testpkg.parabank" name="indexpage" time="0.445"/>
  <testcase classname="testpkg.parabank" name="hamburgercheck" time="32.686"/>
  <testcase classname="testpkg.parabank" name="registercheck" time="2.834"/>
  <testcase classname="testpkg.parabank" name="logintest" time="10.112"/>
  <testcase classname="testpkg.parabank" name="buttonvisibilitycheck" time="0.064"/>
  <testcase classname="testpkg.parabank" name="buttonclickcheck" time="1.721"/>
  <testcase classname="testpkg.parabank" name="linktest" time="15.698"/>
  <testcase classname="testpkg.parabank" name="screenshot" time="0.105"/>
  <testcase classname="testpkg.parabank" name="asserttitlecomparison" time="0.008"/>
  <testcase classname="testpkg.parabank" name="mousehover" time="1.523"/>
  <testcase classname="testpkg.parabank" name="newwindow" time="0.594"/>
</testsuite> <!-- Default test -->
